Arguments: 
  /usr/local/bin/node /usr/share/yarn/bin/yarn.js -g add live-server

PATH: 
  /home/erick/anaconda3/bin:/home/erick/.rvm/gems/ruby-2.3.3/bin:/home/erick/.rvm/gems/ruby-2.3.3@global/bin:/home/erick/.rvm/rubies/ruby-2.3.3/bin:/home/erick/bin:/home/erick/.local/bin:/opt/OpenPrinting-Gutenprint/sbin:/opt/OpenPrinting-Gutenprint/bin:/home/erick/bin:/home/erick/.local/bin:/opt/OpenPrinting-Gutenprint/sbin:/opt/OpenPrinting-Gutenprint/bin:/usr/local/sbin:/usr/local/bin:/usr/sbin:/usr/bin:/sbin:/bin:/usr/games:/usr/local/games:/snap/bin:/usr/lib/jvm/java-9-oracle/bin:/usr/lib/jvm/java-9-oracle/db/bin:/home/erick/.rvm/bin:/home/erick/.rvm/bin:/usr/lib/jvm/java-9-oracle/bin:/usr/lib/jvm/java-9-oracle/db/bin:/home/erick/.rvm/bin:/home/erick/.rvm/bin:/home/erick/.rvm/bin

Yarn version: 
  1.5.1

Node version: 
  9.6.1

Platform: 
  linux x64

npm manifest: 
  No manifest

yarn manifest: 
  No manifest

Lockfile: 
  No lockfile

Trace: 
  Error: Missing list of packages to add to your project.
      at new MessageError (/usr/share/yarn/lib/cli.js:186:110)
      at Object.<anonymous> (/usr/share/yarn/lib/cli.js:40587:13)
      at Generator.next (<anonymous>)
      at step (/usr/share/yarn/lib/cli.js:98:30)
      at /usr/share/yarn/lib/cli.js:116:14
      at new Promise (<anonymous>)
      at new F (/usr/share/yarn/lib/cli.js:23451:28)
      at Object.<anonymous> (/usr/share/yarn/lib/cli.js:95:12)
      at Object.run (/usr/share/yarn/lib/cli.js:40599:19)
      at run (/usr/share/yarn/lib/cli.js:89113:20)
